<?xml version="1.0" encoding="UTF-8"?>
<testng-results ignored="0" total="2" passed="1" failed="1" skipped="0">
  <reporter-output>
    <line>
      <![CDATA[No of rows are::3]]>
    </line>
    <line>
      <![CDATA[Suppliers Add Success::]]>
    </line>
    <line>
      <![CDATA[Suppliers Add Success::]]>
    </line>
    <line>
      <![CDATA[Suppliers Add Success::]]>
    </line>
    <line>
      <![CDATA[No of rows are::5]]>
    </line>
    <line>
      <![CDATA[Customer Add Success::Customer-00000010841    Customer-00000010841]]>
    </line>
    <line>
      <![CDATA[Customer Add Success::Customer-00000010842    Customer-00000010842]]>
    </line>
    <line>
      <![CDATA[Customer Add Success::Customer-00000010843    Customer-00000010843]]>
    </line>
  </reporter-output>
  <suite started-at="2024-09-24T10:46:10 IST" name="DataDriven" finished-at="2024-09-24T10:48:08 IST" duration-ms="118842">
    <groups>
    </groups>
    <test started-at="2024-09-24T10:46:10 IST" name="SuppliersTest" finished-at="2024-09-24T10:46:55 IST" duration-ms="45195">
      <class name="driverFactory.SuppliersScript">
        <test-method is-config="true" signature="setUp()[pri:0, instance:driverFactory.SuppliersScript@7bab3f1a]" started-at="2024-09-24T10:46:10 IST" name="setUp" finished-at="2024-09-24T10:46:13 IST" duration-ms="3777" status="PASS">
          <reporter-output>
          </reporter-output>
        </test-method> <!-- setUp -->
        <test-method signature="starttest()[pri:0, instance:driverFactory.SuppliersScript@7bab3f1a]" started-at="2024-09-24T10:46:13 IST" name="starttest" finished-at="2024-09-24T10:46:54 IST" duration-ms="40669" status="PASS">
          <reporter-output>
            <line>
              <![CDATA[No of rows are::3]]>
            </line>
            <line>
              <![CDATA[Suppliers Add Success::]]>
            </line>
            <line>
              <![CDATA[Suppliers Add Success::]]>
            </line>
            <line>
              <![CDATA[Suppliers Add Success::]]>
            </line>
          </reporter-output>
        </test-method> <!-- starttest -->
        <test-method is-config="true" signature="tearDown()[pri:0, instance:driverFactory.SuppliersScript@7bab3f1a]" started-at="2024-09-24T10:46:54 IST" name="tearDown" finished-at="2024-09-24T10:46:55 IST" duration-ms="704" status="PASS">
          <reporter-output>
          </reporter-output>
        </test-method> <!-- tearDown -->
      </class> <!-- driverFactory.SuppliersScript -->
    </test> <!-- SuppliersTest -->
    <test started-at="2024-09-24T10:46:55 IST" name="CustomerTest" finished-at="2024-09-24T10:48:08 IST" duration-ms="73608">
      <class name="driverFactory.CustomerScript">
        <test-method is-config="true" signature="setUp()[pri:0, instance:driverFactory.CustomerScript@5824a83d]" started-at="2024-09-24T10:46:55 IST" name="setUp" finished-at="2024-09-24T10:46:58 IST" duration-ms="3029" status="PASS">
          <reporter-output>
          </reporter-output>
        </test-method> <!-- setUp -->
        <test-method signature="startTest()[pri:0, instance:driverFactory.CustomerScript@5824a83d]" started-at="2024-09-24T10:46:58 IST" name="startTest" finished-at="2024-09-24T10:48:08 IST" duration-ms="69992" status="FAIL">
          <exception class="org.openqa.selenium.NoSuchElementException">
            <message>
              <![CDATA[no such element: Unable to locate element: {"method":"xpath","selector":"//button[normalize-space()='OK!']"}
  (Session info: chrome=128.0.6613.138)
For documentation on this error, please visit: https://www.selenium.dev/documentation/webdriver/troubleshooting/errors#no-such-element-exception
Build info: version: '4.18.0', revision: 'b6bf9de7cc'
System info: os.name: 'Windows 11', os.arch: 'amd64', os.version: '10.0', java.version: '22.0.1'
Driver info: org.openqa.selenium.chrome.ChromeDriver
Command: [be6ca56dd69b5df18ad36730ed07b59b, findElement {using=xpath, value=//button[normalize-space()='OK!']}]
Capabilities {acceptInsecureCerts: false, browserName: chrome, browserVersion: 128.0.6613.138, chrome: {chromedriverVersion: 128.0.6613.137 (fe621c5aa2d..., userDataDir: C:\Users\user\AppData\Local...}, fedcm:accounts: true, goog:chromeOptions: {debuggerAddress: localhost:51154}, networkConnectionEnabled: false, pageLoadStrategy: normal, platformName: windows, proxy: Proxy(), se:cdp: ws://localhost:51154/devtoo..., se:cdpVersion: 128.0.6613.138, setWindowRect: true, strictFileInteractability: false, timeouts: {implicit: 0, pageLoad: 300000, script: 30000}, unhandledPromptBehavior: dismiss and notify, webauthn:extension:credBlob: true, webauthn:extension:largeBlob: true, webauthn:extension:minPinLength: true, webauthn:extension:prf: true, webauthn:virtualAuthenticators: true}
Session ID: be6ca56dd69b5df18ad36730ed07b59b]]>
            </message>
            <full-stacktrace>
              <![CDATA[org.openqa.selenium.NoSuchElementException: no such element: Unable to locate element: {"method":"xpath","selector":"//button[normalize-space()='OK!']"}
  (Session info: chrome=128.0.6613.138)
For documentation on this error, please visit: https://www.selenium.dev/documentation/webdriver/troubleshooting/errors#no-such-element-exception
Build info: version: '4.18.0', revision: 'b6bf9de7cc'
System info: os.name: 'Windows 11', os.arch: 'amd64', os.version: '10.0', java.version: '22.0.1'
Driver info: org.openqa.selenium.chrome.ChromeDriver
Command: [be6ca56dd69b5df18ad36730ed07b59b, findElement {using=xpath, value=//button[normalize-space()='OK!']}]
Capabilities {acceptInsecureCerts: false, browserName: chrome, browserVersion: 128.0.6613.138, chrome: {chromedriverVersion: 128.0.6613.137 (fe621c5aa2d..., userDataDir: C:\Users\user\AppData\Local...}, fedcm:accounts: true, goog:chromeOptions: {debuggerAddress: localhost:51154}, networkConnectionEnabled: false, pageLoadStrategy: normal, platformName: windows, proxy: Proxy(), se:cdp: ws://localhost:51154/devtoo..., se:cdpVersion: 128.0.6613.138, setWindowRect: true, strictFileInteractability: false, timeouts: {implicit: 0, pageLoad: 300000, script: 30000}, unhandledPromptBehavior: dismiss and notify, webauthn:extension:credBlob: true, webauthn:extension:largeBlob: true, webauthn:extension:minPinLength: true, webauthn:extension:prf: true, webauthn:virtualAuthenticators: true}
Session ID: be6ca56dd69b5df18ad36730ed07b59b
at java.base/jdk.internal.reflect.DirectConstructorHandleAccessor.newInstance(DirectConstructorHandleAccessor.java:62)
at java.base/java.lang.reflect.Constructor.newInstanceWithCaller(Constructor.java:502)
at java.base/java.lang.reflect.Constructor.newInstance(Constructor.java:486)
at org.openqa.selenium.remote.ErrorCodec.decode(ErrorCodec.java:167)
at org.openqa.selenium.remote.codec.w3c.W3CHttpResponseCodec.decode(W3CHttpResponseCodec.java:138)
at org.openqa.selenium.remote.codec.w3c.W3CHttpResponseCodec.decode(W3CHttpResponseCodec.java:50)
at org.openqa.selenium.remote.HttpCommandExecutor.execute(HttpCommandExecutor.java:190)
at org.openqa.selenium.remote.service.DriverCommandExecutor.invokeExecute(DriverCommandExecutor.java:216)
at org.openqa.selenium.remote.service.DriverCommandExecutor.execute(DriverCommandExecutor.java:174)
at org.openqa.selenium.remote.RemoteWebDriver.execute(RemoteWebDriver.java:519)
at org.openqa.selenium.remote.ElementLocation$ElementFinder$2.findElement(ElementLocation.java:165)
at org.openqa.selenium.remote.ElementLocation.findElement(ElementLocation.java:59)
at org.openqa.selenium.remote.RemoteWebDriver.findElement(RemoteWebDriver.java:356)
at org.openqa.selenium.remote.RemoteWebDriver.findElement(RemoteWebDriver.java:350)
at org.openqa.selenium.support.pagefactory.DefaultElementLocator.findElement(DefaultElementLocator.java:68)
at org.openqa.selenium.support.pagefactory.internal.LocatingElementHandler.invoke(LocatingElementHandler.java:38)
at jdk.proxy2/jdk.proxy2.$Proxy13.click(Unknown Source)
at applicationLayer.Com.Page.CustomerPage.addCustomer(CustomerPage.java:78)
at driverFactory.CustomerScript.startTest(CustomerScript.java:45)
at java.base/jdk.internal.reflect.DirectMethodHandleAccessor.invoke(DirectMethodHandleAccessor.java:103)
at java.base/java.lang.reflect.Method.invoke(Method.java:580)
at org.testng.internal.MethodInvocationHelper.invokeMethod(MethodInvocationHelper.java:133)
at org.testng.internal.TestInvoker.invokeMethod(TestInvoker.java:598)
at org.testng.internal.TestInvoker.invokeTestMethod(TestInvoker.java:173)
at org.testng.internal.MethodRunner.runInSequence(MethodRunner.java:46)
at org.testng.internal.TestInvoker$MethodInvocationAgent.invoke(TestInvoker.java:824)
at org.testng.internal.TestInvoker.invokeTestMethods(TestInvoker.java:146)
at org.testng.internal.TestMethodWorker.invokeTestMethods(TestMethodWorker.java:146)
at org.testng.internal.TestMethodWorker.run(TestMethodWorker.java:128)
at java.base/java.util.ArrayList.forEach(ArrayList.java:1597)
at org.testng.TestRunner.privateRun(TestRunner.java:794)
at org.testng.TestRunner.run(TestRunner.java:596)
at org.testng.SuiteRunner.runTest(SuiteRunner.java:377)
at org.testng.SuiteRunner.runSequentially(SuiteRunner.java:371)
at org.testng.SuiteRunner.privateRun(SuiteRunner.java:332)
at org.testng.SuiteRunner.run(SuiteRunner.java:276)
at org.testng.SuiteRunnerWorker.runSuite(SuiteRunnerWorker.java:53)
at org.testng.SuiteRunnerWorker.run(SuiteRunnerWorker.java:96)
at org.testng.TestNG.runSuitesSequentially(TestNG.java:1212)
at org.testng.TestNG.runSuitesLocally(TestNG.java:1134)
at org.testng.TestNG.runSuites(TestNG.java:1063)
at org.testng.TestNG.run(TestNG.java:1031)
at org.testng.remote.AbstractRemoteTestNG.run(AbstractRemoteTestNG.java:115)
at org.testng.remote.RemoteTestNG.initAndRun(RemoteTestNG.java:293)
at org.testng.remote.RemoteTestNG.main(RemoteTestNG.java:91)
]]>
            </full-stacktrace>
          </exception> <!-- org.openqa.selenium.NoSuchElementException -->
          <reporter-output>
            <line>
              <![CDATA[No of rows are::5]]>
            </line>
            <line>
              <![CDATA[Customer Add Success::Customer-00000010841    Customer-00000010841]]>
            </line>
            <line>
              <![CDATA[Customer Add Success::Customer-00000010842    Customer-00000010842]]>
            </line>
            <line>
              <![CDATA[Customer Add Success::Customer-00000010843    Customer-00000010843]]>
            </line>
          </reporter-output>
        </test-method> <!-- startTest -->
        <test-method is-config="true" signature="tearDown()[pri:0, instance:driverFactory.CustomerScript@5824a83d]" started-at="2024-09-24T10:48:08 IST" name="tearDown" finished-at="2024-09-24T10:48:08 IST" duration-ms="578" status="PASS">
          <reporter-output>
          </reporter-output>
        </test-method> <!-- tearDown -->
      </class> <!-- driverFactory.CustomerScript -->
    </test> <!-- CustomerTest -->
  </suite> <!-- DataDriven -->
</testng-results>
